2024-04-25 11:49:09,044 INFO ServerLogger [main] Добро пожаловать на сервер шизофрения
2024-04-25 11:49:30,038 INFO ServerLogger [main] Получен запрос Request: command= lt.shgg.commands.Show@21baa903, ticket= null, args= null
2024-04-25 11:49:30,079 INFO ServerLogger [main] Отправлен ответ Ticket{id=3, name='t', coordinates=Coordinates{x=4.0, y=5}, creationDate=2024-04-19, price=555, type=VIP, venue=Venue{id=1, name='rtrtr', capacity=555, address=Address{street='adrs'}}}
Ticket{id=4, name='r', coordinates=Coordinates{x=7.0, y=6}, creationDate=2024-04-19, price=5555, type=CHEAP, venue=Venue{id=0, name='null', capacity=0, address=null}}

2024-04-25 11:49:30,114 INFO ServerLogger [main] Получен запрос Request: command= lt.shgg.commands.Help@40c80397, ticket= null, args= r
2024-04-25 11:49:30,116 INFO ServerLogger [main] Отправлен ответ Случилась беда: Команда help не принимает никаких аргументов
2024-04-25 11:49:30,122 INFO ServerLogger [main] Получен запрос Request: command= lt.shgg.commands.Info@e077866, ticket= null, args= null
2024-04-25 11:49:30,124 INFO ServerLogger [main] Отправлен ответ Тип коллекции: LinkedHashSet
Размер коллекции: 2
2024-04-25 11:49:30,131 INFO ServerLogger [main] Получен запрос Request: command= lt.shgg.commands.Info@a8e6492, ticket= null, args= null
2024-04-25 11:49:30,132 INFO ServerLogger [main] Отправлен ответ Тип коллекции: LinkedHashSet
Размер коллекции: 2
2024-04-25 11:49:30,138 INFO ServerLogger [main] Получен запрос Request: command= null, ticket= null, args= script2
2024-04-25 11:49:30,139 INFO ServerLogger [main] Отправлен ответ Случилась беда: Cannot invoke "lt.shgg.commands.Command.execute(Object, lt.shgg.data.Ticket, lt.shgg.app.Receiver)" because "command" is null
2024-04-25 11:49:30,148 INFO ServerLogger [main] Получен запрос Request: command= null, ticket= null, args= script1
2024-04-25 11:49:30,149 INFO ServerLogger [main] Отправлен ответ Случилась беда: Cannot invoke "lt.shgg.commands.Command.execute(Object, lt.shgg.data.Ticket, lt.shgg.app.Receiver)" because "command" is null
2024-04-25 12:07:10,007 INFO ServerLogger [main] Добро пожаловать на сервер шизофрения
2024-04-25 12:07:30,168 WARN ServerLogger [main] Ошибка ввода вывода writing aborted; java.io.NotSerializableException: lt.shgg.commands.Exit
2024-04-25 12:07:35,165 WARN ServerLogger [main] Ошибка ввода вывода writing aborted; java.io.NotSerializableException: lt.shgg.commands.Exit
2024-04-25 12:07:40,169 WARN ServerLogger [main] Ошибка ввода вывода writing aborted; java.io.NotSerializableException: lt.shgg.commands.Exit
2024-04-25 12:07:45,179 WARN ServerLogger [main] Ошибка ввода вывода writing aborted; java.io.NotSerializableException: lt.shgg.commands.Exit
2024-04-25 12:07:50,191 WARN ServerLogger [main] Ошибка ввода вывода writing aborted; java.io.NotSerializableException: lt.shgg.commands.Exit
2024-04-25 12:07:55,198 WARN ServerLogger [main] Ошибка ввода вывода writing aborted; java.io.NotSerializableException: lt.shgg.commands.Exit
2024-04-25 12:08:00,208 WARN ServerLogger [main] Ошибка ввода вывода writing aborted; java.io.NotSerializableException: lt.shgg.commands.Exit
2024-04-25 12:23:54,022 WARN ServerLogger [main] Ошибка ввода вывода writing aborted; java.io.NotSerializableException: lt.shgg.commands.ExecuteScript
2024-04-25 12:23:59,048 WARN ServerLogger [main] Ошибка ввода вывода writing aborted; java.io.NotSerializableException: lt.shgg.commands.ExecuteScript
2024-04-25 12:24:04,090 WARN ServerLogger [main] Ошибка ввода вывода writing aborted; java.io.NotSerializableException: lt.shgg.commands.ExecuteScript
2024-04-25 12:24:09,101 WARN ServerLogger [main] Ошибка ввода вывода writing aborted; java.io.NotSerializableException: lt.shgg.commands.ExecuteScript
2024-04-25 12:24:14,122 WARN ServerLogger [main] Ошибка ввода вывода writing aborted; java.io.NotSerializableException: lt.shgg.commands.ExecuteScript
2024-04-25 12:24:19,135 WARN ServerLogger [main] Ошибка ввода вывода writing aborted; java.io.NotSerializableException: lt.shgg.commands.ExecuteScript
2024-04-25 12:24:24,149 WARN ServerLogger [main] Ошибка ввода вывода writing aborted; java.io.NotSerializableException: lt.shgg.commands.ExecuteScript
2024-04-25 12:29:58,672 INFO ServerLogger [main] Добро пожаловать на сервер шизофрения
2024-04-25 12:30:10,715 INFO ServerLogger [main] Получен запрос Request: command= lt.shgg.commands.Show@1021f6c9, ticket= null, args= null
2024-04-25 12:30:10,744 INFO ServerLogger [main] Отправлен ответ Ticket{id=3, name='t', coordinates=Coordinates{x=4.0, y=5}, creationDate=2024-04-19, price=555, type=VIP, venue=Venue{id=1, name='rtrtr', capacity=555, address=Address{street='adrs'}}}
Ticket{id=4, name='r', coordinates=Coordinates{x=7.0, y=6}, creationDate=2024-04-19, price=5555, type=CHEAP, venue=Venue{id=0, name='null', capacity=0, address=null}}

2024-04-25 12:30:20,144 WARN ServerLogger [main] Ошибка ввода вывода writing aborted; java.io.NotSerializableException: lt.shgg.commands.ExecuteScript
2024-04-25 12:30:25,167 WARN ServerLogger [main] Ошибка ввода вывода writing aborted; java.io.NotSerializableException: lt.shgg.commands.ExecuteScript
2024-04-25 12:30:30,170 WARN ServerLogger [main] Ошибка ввода вывода writing aborted; java.io.NotSerializableException: lt.shgg.commands.ExecuteScript
2024-04-25 12:30:35,179 WARN ServerLogger [main] Ошибка ввода вывода writing aborted; java.io.NotSerializableException: lt.shgg.commands.ExecuteScript
2024-04-25 12:30:40,219 WARN ServerLogger [main] Ошибка ввода вывода writing aborted; java.io.NotSerializableException: lt.shgg.commands.ExecuteScript
2024-04-25 12:30:45,234 WARN ServerLogger [main] Ошибка ввода вывода writing aborted; java.io.NotSerializableException: lt.shgg.commands.ExecuteScript
2024-04-25 12:30:50,242 WARN ServerLogger [main] Ошибка ввода вывода writing aborted; java.io.NotSerializableException: lt.shgg.commands.ExecuteScript
2024-04-25 12:31:23,087 INFO ServerLogger [main] Получен запрос Request: command= lt.shgg.commands.Show@f667fe, ticket= null, args= re
2024-04-25 12:31:23,088 INFO ServerLogger [main] Отправлен ответ Случилась беда: Команда show не принимает никаких аргументов
2024-04-25 12:34:25,395 INFO ServerLogger [main] Получен запрос Request: command= lt.shgg.commands.Show@25e2a451, ticket= null, args= re
2024-04-25 12:34:25,396 INFO ServerLogger [main] Отправлен ответ Случилась беда: Команда show не принимает никаких аргументов
2024-04-25 12:34:32,551 WARN ServerLogger [main] Ошибка ввода вывода writing aborted; java.io.NotSerializableException: lt.shgg.commands.ExecuteScript
2024-04-25 12:34:37,576 WARN ServerLogger [main] Ошибка ввода вывода writing aborted; java.io.NotSerializableException: lt.shgg.commands.ExecuteScript
2024-04-25 12:34:42,595 WARN ServerLogger [main] Ошибка ввода вывода writing aborted; java.io.NotSerializableException: lt.shgg.commands.ExecuteScript
2024-04-25 12:35:19,318 INFO ServerLogger [main] Добро пожаловать на сервер шизофрения
2024-04-25 12:35:31,193 INFO ServerLogger [main] Получен запрос Request: command= lt.shgg.commands.ExecuteScript@1021f6c9, ticket= null, args= null
2024-04-25 12:35:31,196 INFO ServerLogger [main] Отправлен ответ Случилась беда: Команда execute_script не работает без аргумента filename
2024-04-25 12:37:23,868 INFO ServerLogger [main] Получен запрос Request: command= lt.shgg.commands.Show@2974f221, ticket= null, args= re
2024-04-25 12:37:23,869 INFO ServerLogger [main] Отправлен ответ Случилась беда: Команда show не принимает никаких аргументов
2024-04-25 12:38:02,650 INFO ServerLogger [main] Получен запрос Request: command= lt.shgg.commands.ExecuteScript@665df3c6, ticket= null, args= null
2024-04-25 12:38:02,651 INFO ServerLogger [main] Отправлен ответ Случилась беда: Команда execute_script не работает без аргумента filename
2024-04-25 12:38:16,599 INFO ServerLogger [main] Добро пожаловать на сервер шизофрения
2024-04-25 12:38:23,806 INFO ServerLogger [main] Получен запрос Request: command= lt.shgg.commands.ExecuteScript@1021f6c9, ticket= null, args= null
2024-04-25 12:38:23,810 INFO ServerLogger [main] Отправлен ответ Случилась беда Команда execute_script не работает без аргумента filename
2024-04-25 12:39:59,232 INFO ServerLogger [main] Получен запрос Request: command= lt.shgg.commands.ExecuteScript@abf688e, ticket= null, args= null
2024-04-25 12:39:59,232 INFO ServerLogger [main] Отправлен ответ Случилась беда Команда execute_script не работает без аргумента filename
2024-04-25 12:42:13,798 INFO ServerLogger [main] Получен запрос Request: command= lt.shgg.commands.ExecuteScript@2974f221, ticket= null, args= null
2024-04-25 12:42:13,799 INFO ServerLogger [main] Отправлен ответ Случилась беда Команда execute_script не работает без аргумента filename
2024-04-25 12:42:21,342 INFO ServerLogger [main] Получен запрос Request: command= lt.shgg.commands.ExecuteScript@665df3c6, ticket= null, args= sc
2024-04-25 12:42:21,343 INFO ServerLogger [main] Отправлен ответ sc
2024-04-25 12:42:29,071 INFO ServerLogger [main] Получен запрос Request: command= lt.shgg.commands.ExecuteScript@aa549e5, ticket= null, args= script1
2024-04-25 12:42:29,072 INFO ServerLogger [main] Отправлен ответ script1
2024-04-25 12:42:29,088 INFO ServerLogger [main] Получен запрос Request: command= lt.shgg.commands.Show@3f792b9b, ticket= null, args= null
2024-04-25 12:42:29,114 INFO ServerLogger [main] Отправлен ответ Ticket{id=3, name='t', coordinates=Coordinates{x=4.0, y=5}, creationDate=2024-04-19, price=555, type=VIP, venue=Venue{id=1, name='rtrtr', capacity=555, address=Address{street='adrs'}}}
Ticket{id=4, name='r', coordinates=Coordinates{x=7.0, y=6}, creationDate=2024-04-19, price=5555, type=CHEAP, venue=Venue{id=0, name='null', capacity=0, address=null}}

2024-04-25 12:42:29,140 INFO ServerLogger [main] Получен запрос Request: command= lt.shgg.commands.Help@58359ebd, ticket= null, args= r
2024-04-25 12:42:29,140 INFO ServerLogger [main] Отправлен ответ Случилась беда Команда help не принимает никаких аргументов
2024-04-25 12:42:29,144 INFO ServerLogger [main] Получен запрос Request: command= lt.shgg.commands.Info@2bb7bd00, ticket= null, args= null
2024-04-25 12:42:29,145 INFO ServerLogger [main] Отправлен ответ Тип коллекции: LinkedHashSet
Размер коллекции: 2
2024-04-25 12:42:29,148 INFO ServerLogger [main] Получен запрос Request: command= lt.shgg.commands.ExecuteScript@53812a9b, ticket= null, args= script2
2024-04-25 12:42:29,148 INFO ServerLogger [main] Отправлен ответ script2
2024-04-25 12:42:29,152 INFO ServerLogger [main] Получен запрос Request: command= lt.shgg.commands.Info@422c3c7a, ticket= null, args= null
2024-04-25 12:42:29,153 INFO ServerLogger [main] Отправлен ответ Тип коллекции: LinkedHashSet
Размер коллекции: 2
2024-04-25 12:48:34,155 INFO ServerLogger [main] Получен запрос Request: command= lt.shgg.commands.ExecuteScript@56bca85b, ticket= null, args= script1
2024-04-25 12:48:34,156 INFO ServerLogger [main] Отправлен ответ script1
2024-04-25 12:48:34,175 INFO ServerLogger [main] Получен запрос Request: command= lt.shgg.commands.Show@60d1a32f, ticket= null, args= null
2024-04-25 12:48:34,176 INFO ServerLogger [main] Отправлен ответ Ticket{id=3, name='t', coordinates=Coordinates{x=4.0, y=5}, creationDate=2024-04-19, price=555, type=VIP, venue=Venue{id=1, name='rtrtr', capacity=555, address=Address{street='adrs'}}}
Ticket{id=4, name='r', coordinates=Coordinates{x=7.0, y=6}, creationDate=2024-04-19, price=5555, type=CHEAP, venue=Venue{id=0, name='null', capacity=0, address=null}}

2024-04-25 12:48:34,193 INFO ServerLogger [main] Получен запрос Request: command= lt.shgg.commands.Help@1fcb4808, ticket= null, args= r
2024-04-25 12:48:34,194 INFO ServerLogger [main] Отправлен ответ Случилась беда Команда help не принимает никаких аргументов
2024-04-25 12:48:34,196 INFO ServerLogger [main] Получен запрос Request: command= lt.shgg.commands.Info@4b672daa, ticket= null, args= null
2024-04-25 12:48:34,198 INFO ServerLogger [main] Отправлен ответ Тип коллекции: LinkedHashSet
Размер коллекции: 2
2024-04-25 12:48:34,201 INFO ServerLogger [main] Получен запрос Request: command= lt.shgg.commands.ExecuteScript@ed3068a, ticket= null, args= script2
2024-04-25 12:48:34,201 INFO ServerLogger [main] Отправлен ответ script2
2024-04-25 12:48:34,205 INFO ServerLogger [main] Получен запрос Request: command= lt.shgg.commands.Info@a8e6492, ticket= null, args= null
2024-04-25 12:48:34,205 INFO ServerLogger [main] Отправлен ответ Тип коллекции: LinkedHashSet
Размер коллекции: 2
2024-04-25 12:48:51,428 INFO ServerLogger [main] Получен запрос Request: command= lt.shgg.commands.ExecuteScript@7b324585, ticket= null, args= script1
2024-04-25 12:48:51,428 INFO ServerLogger [main] Отправлен ответ script1
2024-04-25 12:48:51,443 INFO ServerLogger [main] Получен запрос Request: command= lt.shgg.commands.Show@662f5666, ticket= null, args= null
2024-04-25 12:48:51,444 INFO ServerLogger [main] Отправлен ответ Ticket{id=3, name='t', coordinates=Coordinates{x=4.0, y=5}, creationDate=2024-04-19, price=555, type=VIP, venue=Venue{id=1, name='rtrtr', capacity=555, address=Address{street='adrs'}}}
Ticket{id=4, name='r', coordinates=Coordinates{x=7.0, y=6}, creationDate=2024-04-19, price=5555, type=CHEAP, venue=Venue{id=0, name='null', capacity=0, address=null}}

2024-04-25 12:48:51,463 INFO ServerLogger [main] Получен запрос Request: command= lt.shgg.commands.Help@27305e6, ticket= null, args= r
2024-04-25 12:48:51,463 INFO ServerLogger [main] Отправлен ответ Случилась беда Команда help не принимает никаких аргументов
2024-04-25 12:48:51,467 INFO ServerLogger [main] Получен запрос Request: command= lt.shgg.commands.Info@6f8f9349, ticket= null, args= null
2024-04-25 12:48:51,468 INFO ServerLogger [main] Отправлен ответ Тип коллекции: LinkedHashSet
Размер коллекции: 2
2024-04-25 12:52:14,067 INFO ServerLogger [main] Получен запрос Request: command= lt.shgg.commands.ExecuteScript@5c3b6c6e, ticket= null, args= script1
2024-04-25 12:52:14,068 INFO ServerLogger [main] Отправлен ответ script1
2024-04-25 12:52:14,083 INFO ServerLogger [main] Получен запрос Request: command= lt.shgg.commands.Show@37b70343, ticket= null, args= null
2024-04-25 12:52:14,084 INFO ServerLogger [main] Отправлен ответ Ticket{id=3, name='t', coordinates=Coordinates{x=4.0, y=5}, creationDate=2024-04-19, price=555, type=VIP, venue=Venue{id=1, name='rtrtr', capacity=555, address=Address{street='adrs'}}}
Ticket{id=4, name='r', coordinates=Coordinates{x=7.0, y=6}, creationDate=2024-04-19, price=5555, type=CHEAP, venue=Venue{id=0, name='null', capacity=0, address=null}}

2024-04-25 12:52:14,100 INFO ServerLogger [main] Получен запрос Request: command= lt.shgg.commands.Help@4879f0f2, ticket= null, args= r
2024-04-25 12:52:14,101 INFO ServerLogger [main] Отправлен ответ Случилась беда Команда help не принимает никаких аргументов
2024-04-25 12:52:14,103 INFO ServerLogger [main] Получен запрос Request: command= lt.shgg.commands.Info@41813449, ticket= null, args= null
2024-04-25 12:52:14,104 INFO ServerLogger [main] Отправлен ответ Тип коллекции: LinkedHashSet
Размер коллекции: 2
2024-04-25 12:53:20,731 INFO ServerLogger [main] Получен запрос Request: command= lt.shgg.commands.ExecuteScript@1080b026, ticket= null, args= script1
2024-04-25 12:53:20,733 INFO ServerLogger [main] Отправлен ответ script1
2024-04-25 12:53:20,748 INFO ServerLogger [main] Получен запрос Request: command= lt.shgg.commands.Show@1fdfafd2, ticket= null, args= null
2024-04-25 12:53:20,748 INFO ServerLogger [main] Отправлен ответ Ticket{id=3, name='t', coordinates=Coordinates{x=4.0, y=5}, creationDate=2024-04-19, price=555, type=VIP, venue=Venue{id=1, name='rtrtr', capacity=555, address=Address{street='adrs'}}}
Ticket{id=4, name='r', coordinates=Coordinates{x=7.0, y=6}, creationDate=2024-04-19, price=5555, type=CHEAP, venue=Venue{id=0, name='null', capacity=0, address=null}}

2024-04-25 12:53:20,766 INFO ServerLogger [main] Получен запрос Request: command= lt.shgg.commands.Help@6d304f9d, ticket= null, args= r
2024-04-25 12:53:20,766 INFO ServerLogger [main] Отправлен ответ Случилась беда Команда help не принимает никаких аргументов
2024-04-25 12:53:20,769 INFO ServerLogger [main] Получен запрос Request: command= lt.shgg.commands.Info@2fea7088, ticket= null, args= null
2024-04-25 12:53:20,770 INFO ServerLogger [main] Отправлен ответ Тип коллекции: LinkedHashSet
Размер коллекции: 2
2024-04-25 12:53:20,775 INFO ServerLogger [main] Получен запрос Request: command= lt.shgg.commands.ExecuteScript@30d4b288, ticket= null, args= script2
2024-04-25 12:53:20,776 INFO ServerLogger [main] Отправлен ответ script2
2024-04-25 12:53:20,780 INFO ServerLogger [main] Получен запрос Request: command= lt.shgg.commands.Info@7a791b66, ticket= null, args= null
2024-04-25 12:53:20,780 INFO ServerLogger [main] Отправлен ответ Тип коллекции: LinkedHashSet
Размер коллекции: 2
2024-04-25 13:00:51,462 INFO ServerLogger [main] Получен запрос Request: command= lt.shgg.commands.ExecuteScript@590c73d3, ticket= null, args= script1
2024-04-25 13:00:51,463 INFO ServerLogger [main] Отправлен ответ script1
2024-04-25 13:00:51,475 INFO ServerLogger [main] Получен запрос Request: command= lt.shgg.commands.Show@75ed9710, ticket= null, args= null
2024-04-25 13:00:51,476 INFO ServerLogger [main] Отправлен ответ Ticket{id=3, name='t', coordinates=Coordinates{x=4.0, y=5}, creationDate=2024-04-19, price=555, type=VIP, venue=Venue{id=1, name='rtrtr', capacity=555, address=Address{street='adrs'}}}
Ticket{id=4, name='r', coordinates=Coordinates{x=7.0, y=6}, creationDate=2024-04-19, price=5555, type=CHEAP, venue=Venue{id=0, name='null', capacity=0, address=null}}

2024-04-25 13:00:51,491 INFO ServerLogger [main] Получен запрос Request: command= lt.shgg.commands.Help@609640d5, ticket= null, args= r
2024-04-25 13:00:51,492 INFO ServerLogger [main] Отправлен ответ Случилась беда Команда help не принимает никаких аргументов
2024-04-25 13:00:51,495 INFO ServerLogger [main] Получен запрос Request: command= lt.shgg.commands.Info@192d74fb, ticket= null, args= null
2024-04-25 13:00:51,495 INFO ServerLogger [main] Отправлен ответ Тип коллекции: LinkedHashSet
Размер коллекции: 2
2024-04-25 13:00:51,501 INFO ServerLogger [main] Получен запрос Request: command= lt.shgg.commands.ExecuteScript@27953a83, ticket= null, args= script2
2024-04-25 13:00:51,502 INFO ServerLogger [main] Отправлен ответ script2
2024-04-25 13:00:51,505 INFO ServerLogger [main] Получен запрос Request: command= lt.shgg.commands.Info@55b5f5d2, ticket= null, args= null
2024-04-25 13:00:51,506 INFO ServerLogger [main] Отправлен ответ Тип коллекции: LinkedHashSet
Размер коллекции: 2
2024-04-25 13:01:03,097 INFO ServerLogger [main] Добро пожаловать на сервер шизофрения
2024-04-25 13:01:15,346 INFO ServerLogger [main] Получен запрос Request: command= lt.shgg.commands.ExecuteScript@1021f6c9, ticket= null, args= script1
2024-04-25 13:01:15,351 INFO ServerLogger [main] Отправлен ответ начинаю читать script1
2024-04-25 13:01:15,356 INFO ServerLogger [main] Получен запрос Request: command= lt.shgg.commands.Show@2974f221, ticket= null, args= null
2024-04-25 13:01:15,382 INFO ServerLogger [main] Отправлен ответ Ticket{id=3, name='t', coordinates=Coordinates{x=4.0, y=5}, creationDate=2024-04-19, price=555, type=VIP, venue=Venue{id=1, name='rtrtr', capacity=555, address=Address{street='adrs'}}}
Ticket{id=4, name='r', coordinates=Coordinates{x=7.0, y=6}, creationDate=2024-04-19, price=5555, type=CHEAP, venue=Venue{id=0, name='null', capacity=0, address=null}}

2024-04-25 13:01:15,408 INFO ServerLogger [main] Получен запрос Request: command= lt.shgg.commands.Help@792bbc74, ticket= null, args= r
2024-04-25 13:01:15,409 INFO ServerLogger [main] Отправлен ответ Случилась беда Команда help не принимает никаких аргументов
2024-04-25 13:01:15,413 INFO ServerLogger [main] Получен запрос Request: command= lt.shgg.commands.Info@4c4d27c8, ticket= null, args= null
2024-04-25 13:01:15,414 INFO ServerLogger [main] Отправлен ответ Тип коллекции: LinkedHashSet
Размер коллекции: 2
2024-04-25 13:01:15,418 INFO ServerLogger [main] Получен запрос Request: command= lt.shgg.commands.ExecuteScript@758c83d8, ticket= null, args= script2
2024-04-25 13:01:15,419 INFO ServerLogger [main] Отправлен ответ начинаю читать script2
2024-04-25 13:01:15,423 INFO ServerLogger [main] Получен запрос Request: command= lt.shgg.commands.Info@19ae6bb, ticket= null, args= null
2024-04-25 13:01:15,424 INFO ServerLogger [main] Отправлен ответ Тип коллекции: LinkedHashSet
Размер коллекции: 2
2024-04-25 13:17:50,812 INFO ServerLogger [main] Получен запрос Request: command= lt.shgg.commands.Exit@5f031ebd, ticket= null, args= null
2024-04-25 13:17:50,813 INFO ServerLogger [main] Отправлен ответ exit
2024-04-25 13:19:21,101 INFO ServerLogger [main] Получен запрос Request: command= lt.shgg.commands.Exit@53812a9b, ticket= null, args= null
2024-04-25 13:19:21,102 INFO ServerLogger [main] Отправлен ответ exit
2024-04-25 13:19:30,195 INFO ServerLogger [main] Добро пожаловать на сервер шизофрения
2024-04-25 13:19:34,545 INFO ServerLogger [main] Получен запрос Request: command= lt.shgg.commands.Exit@1021f6c9, ticket= null, args= null
2024-04-25 13:19:34,550 INFO ServerLogger [main] Отправлен ответ screw you guys, i'm going home
2024-04-25 13:21:39,290 INFO ServerLogger [main] Получен запрос Request: command= lt.shgg.commands.ExecuteScript@2974f221, ticket= null, args= script1
2024-04-25 13:21:39,291 INFO ServerLogger [main] Отправлен ответ начинаю читать script1
2024-04-25 13:21:39,307 INFO ServerLogger [main] Получен запрос Request: command= lt.shgg.commands.Show@aa549e5, ticket= null, args= null
2024-04-25 13:21:39,333 INFO ServerLogger [main] Отправлен ответ Ticket{id=3, name='t', coordinates=Coordinates{x=4.0, y=5}, creationDate=2024-04-19, price=555, type=VIP, venue=Venue{id=1, name='rtrtr', capacity=555, address=Address{street='adrs'}}}
Ticket{id=4, name='r', coordinates=Coordinates{x=7.0, y=6}, creationDate=2024-04-19, price=5555, type=CHEAP, venue=Venue{id=0, name='null', capacity=0, address=null}}

2024-04-25 13:21:39,359 INFO ServerLogger [main] Получен запрос Request: command= lt.shgg.commands.Help@505a9d7c, ticket= null, args= r
2024-04-25 13:21:39,360 INFO ServerLogger [main] Отправлен ответ Случилась беда Команда help не принимает никаких аргументов
2024-04-25 13:21:39,364 INFO ServerLogger [main] Получен запрос Request: command= lt.shgg.commands.Info@5af3a0f, ticket= null, args= null
2024-04-25 13:21:39,366 INFO ServerLogger [main] Отправлен ответ Тип коллекции: LinkedHashSet
Размер коллекции: 2
2024-04-25 13:21:39,373 INFO ServerLogger [main] Получен запрос Request: command= lt.shgg.commands.ExecuteScript@24b6b8f6, ticket= null, args= script2
2024-04-25 13:21:39,373 INFO ServerLogger [main] Отправлен ответ начинаю читать script2
2024-04-25 13:21:39,377 INFO ServerLogger [main] Получен запрос Request: command= lt.shgg.commands.Info@5f031ebd, ticket= null, args= null
2024-04-25 13:21:39,378 INFO ServerLogger [main] Отправлен ответ Тип коллекции: LinkedHashSet
Размер коллекции: 2
2024-04-25 13:21:44,202 INFO ServerLogger [main] Получен запрос Request: command= lt.shgg.commands.Show@53812a9b, ticket= null, args= null
2024-04-25 13:21:44,203 INFO ServerLogger [main] Отправлен ответ Ticket{id=3, name='t', coordinates=Coordinates{x=4.0, y=5}, creationDate=2024-04-19, price=555, type=VIP, venue=Venue{id=1, name='rtrtr', capacity=555, address=Address{street='adrs'}}}
Ticket{id=4, name='r', coordinates=Coordinates{x=7.0, y=6}, creationDate=2024-04-19, price=5555, type=CHEAP, venue=Venue{id=0, name='null', capacity=0, address=null}}

2024-04-25 13:38:55,792 INFO ServerLogger [main] Получен запрос Request: command= lt.shgg.commands.ExecuteScript@422c3c7a, ticket= null, args= script1
2024-04-25 13:38:55,793 INFO ServerLogger [main] Отправлен ответ начинаю читать script1
2024-04-25 13:38:55,805 INFO ServerLogger [main] Получен запрос Request: command= lt.shgg.commands.Show@56bca85b, ticket= null, args= null
2024-04-25 13:38:55,806 INFO ServerLogger [main] Отправлен ответ Ticket{id=3, name='t', coordinates=Coordinates{x=4.0, y=5}, creationDate=2024-04-19, price=555, type=VIP, venue=Venue{id=1, name='rtrtr', capacity=555, address=Address{street='adrs'}}}
Ticket{id=4, name='r', coordinates=Coordinates{x=7.0, y=6}, creationDate=2024-04-19, price=5555, type=CHEAP, venue=Venue{id=0, name='null', capacity=0, address=null}}

2024-04-25 13:38:55,820 INFO ServerLogger [main] Получен запрос Request: command= lt.shgg.commands.Help@60d1a32f, ticket= null, args= r
2024-04-25 13:38:55,822 INFO ServerLogger [main] Отправлен ответ Случилась беда Команда help не принимает никаких аргументов
2024-04-25 13:38:55,825 INFO ServerLogger [main] Получен запрос Request: command= lt.shgg.commands.Info@1fcb4808, ticket= null, args= null
2024-04-25 13:38:55,825 INFO ServerLogger [main] Отправлен ответ Тип коллекции: LinkedHashSet
Размер коллекции: 2
2024-04-25 13:38:55,832 INFO ServerLogger [main] Получен запрос Request: command= lt.shgg.commands.ExecuteScript@4b672daa, ticket= null, args= script2
2024-04-25 13:38:55,832 INFO ServerLogger [main] Отправлен ответ начинаю читать script2
2024-04-25 13:38:55,836 INFO ServerLogger [main] Получен запрос Request: command= lt.shgg.commands.Info@ed3068a, ticket= null, args= null
2024-04-25 13:38:55,836 INFO ServerLogger [main] Отправлен ответ Тип коллекции: LinkedHashSet
Размер коллекции: 2
2024-04-25 13:39:17,992 INFO ServerLogger [main] Получен запрос Request: command= lt.shgg.commands.ExecuteScript@a8e6492, ticket= null, args= script1
2024-04-25 13:39:17,993 INFO ServerLogger [main] Отправлен ответ начинаю читать script1
2024-04-25 13:39:18,004 INFO ServerLogger [main] Получен запрос Request: command= lt.shgg.commands.Show@7b324585, ticket= null, args= null
2024-04-25 13:39:18,005 INFO ServerLogger [main] Отправлен ответ Ticket{id=3, name='t', coordinates=Coordinates{x=4.0, y=5}, creationDate=2024-04-19, price=555, type=VIP, venue=Venue{id=1, name='rtrtr', capacity=555, address=Address{street='adrs'}}}
Ticket{id=4, name='r', coordinates=Coordinates{x=7.0, y=6}, creationDate=2024-04-19, price=5555, type=CHEAP, venue=Venue{id=0, name='null', capacity=0, address=null}}

2024-04-25 13:39:18,022 INFO ServerLogger [main] Получен запрос Request: command= lt.shgg.commands.Help@662f5666, ticket= null, args= r
2024-04-25 13:39:18,023 INFO ServerLogger [main] Отправлен ответ Случилась беда Команда help не принимает никаких аргументов
2024-04-25 13:39:18,025 INFO ServerLogger [main] Получен запрос Request: command= lt.shgg.commands.Info@27305e6, ticket= null, args= null
2024-04-25 13:39:18,026 INFO ServerLogger [main] Отправлен ответ Тип коллекции: LinkedHashSet
Размер коллекции: 2
2024-04-25 13:39:18,032 INFO ServerLogger [main] Получен запрос Request: command= lt.shgg.commands.ExecuteScript@6f8f9349, ticket= null, args= script1
2024-04-25 13:39:18,032 INFO ServerLogger [main] Отправлен ответ начинаю читать script1
2024-04-25 13:40:42,637 INFO ServerLogger [main] Получен запрос Request: command= lt.shgg.commands.Show@5c3b6c6e, ticket= null, args= null
2024-04-25 13:40:42,638 INFO ServerLogger [main] Отправлен ответ Ticket{id=3, name='t', coordinates=Coordinates{x=4.0, y=5}, creationDate=2024-04-19, price=555, type=VIP, venue=Venue{id=1, name='rtrtr', capacity=555, address=Address{street='adrs'}}}
Ticket{id=4, name='r', coordinates=Coordinates{x=7.0, y=6}, creationDate=2024-04-19, price=5555, type=CHEAP, venue=Venue{id=0, name='null', capacity=0, address=null}}

2024-04-25 13:42:09,453 INFO ServerLogger [main] Получен запрос Request: command= lt.shgg.commands.ExecuteScript@37b70343, ticket= null, args= script1
2024-04-25 13:42:09,454 INFO ServerLogger [main] Отправлен ответ начинаю читать script1
2024-04-25 13:42:09,465 INFO ServerLogger [main] Получен запрос Request: command= lt.shgg.commands.Show@4879f0f2, ticket= null, args= null
2024-04-25 13:42:09,466 INFO ServerLogger [main] Отправлен ответ Ticket{id=3, name='t', coordinates=Coordinates{x=4.0, y=5}, creationDate=2024-04-19, price=555, type=VIP, venue=Venue{id=1, name='rtrtr', capacity=555, address=Address{street='adrs'}}}
Ticket{id=4, name='r', coordinates=Coordinates{x=7.0, y=6}, creationDate=2024-04-19, price=5555, type=CHEAP, venue=Venue{id=0, name='null', capacity=0, address=null}}

2024-04-25 13:42:09,483 INFO ServerLogger [main] Получен запрос Request: command= lt.shgg.commands.Help@41813449, ticket= null, args= r
2024-04-25 13:42:09,483 INFO ServerLogger [main] Отправлен ответ Случилась беда Команда help не принимает никаких аргументов
2024-04-25 13:42:09,487 INFO ServerLogger [main] Получен запрос Request: command= lt.shgg.commands.Info@1080b026, ticket= null, args= null
2024-04-25 13:42:09,487 INFO ServerLogger [main] Отправлен ответ Тип коллекции: LinkedHashSet
Размер коллекции: 2
2024-04-25 13:42:09,492 INFO ServerLogger [main] Получен запрос Request: command= lt.shgg.commands.ExecuteScript@1fdfafd2, ticket= null, args= script1
2024-04-25 13:42:09,493 INFO ServerLogger [main] Отправлен ответ начинаю читать script1
2024-04-25 13:42:26,837 INFO ServerLogger [main] Получен запрос Request: command= lt.shgg.commands.ExecuteScript@6d304f9d, ticket= null, args= script1
2024-04-25 13:42:26,837 INFO ServerLogger [main] Отправлен ответ начинаю читать script1
2024-04-25 13:42:26,850 INFO ServerLogger [main] Получен запрос Request: command= lt.shgg.commands.Show@2fea7088, ticket= null, args= null
2024-04-25 13:42:26,851 INFO ServerLogger [main] Отправлен ответ Ticket{id=3, name='t', coordinates=Coordinates{x=4.0, y=5}, creationDate=2024-04-19, price=555, type=VIP, venue=Venue{id=1, name='rtrtr', capacity=555, address=Address{street='adrs'}}}
Ticket{id=4, name='r', coordinates=Coordinates{x=7.0, y=6}, creationDate=2024-04-19, price=5555, type=CHEAP, venue=Venue{id=0, name='null', capacity=0, address=null}}

2024-04-25 13:42:26,868 INFO ServerLogger [main] Получен запрос Request: command= lt.shgg.commands.Help@30d4b288, ticket= null, args= r
2024-04-25 13:42:26,868 INFO ServerLogger [main] Отправлен ответ Случилась беда Команда help не принимает никаких аргументов
2024-04-25 13:42:26,871 INFO ServerLogger [main] Получен запрос Request: command= lt.shgg.commands.Info@7a791b66, ticket= null, args= null
2024-04-25 13:42:26,871 INFO ServerLogger [main] Отправлен ответ Тип коллекции: LinkedHashSet
Размер коллекции: 2
2024-04-25 13:42:26,881 INFO ServerLogger [main] Получен запрос Request: command= lt.shgg.commands.ExecuteScript@590c73d3, ticket= null, args= script1
2024-04-25 13:42:26,882 INFO ServerLogger [main] Отправлен ответ начинаю читать script1
2024-04-25 13:42:50,130 INFO ServerLogger [main] Получен запрос Request: command= lt.shgg.commands.ExecuteScript@75ed9710, ticket= null, args= script1
2024-04-25 13:42:50,131 INFO ServerLogger [main] Отправлен ответ начинаю читать script1
2024-04-25 13:42:50,143 INFO ServerLogger [main] Получен запрос Request: command= lt.shgg.commands.Show@609640d5, ticket= null, args= null
2024-04-25 13:42:50,143 INFO ServerLogger [main] Отправлен ответ Ticket{id=3, name='t', coordinates=Coordinates{x=4.0, y=5}, creationDate=2024-04-19, price=555, type=VIP, venue=Venue{id=1, name='rtrtr', capacity=555, address=Address{street='adrs'}}}
Ticket{id=4, name='r', coordinates=Coordinates{x=7.0, y=6}, creationDate=2024-04-19, price=5555, type=CHEAP, venue=Venue{id=0, name='null', capacity=0, address=null}}

2024-04-25 13:42:50,160 INFO ServerLogger [main] Получен запрос Request: command= lt.shgg.commands.Help@192d74fb, ticket= null, args= r
2024-04-25 13:42:50,161 INFO ServerLogger [main] Отправлен ответ Случилась беда Команда help не принимает никаких аргументов
2024-04-25 13:42:50,164 INFO ServerLogger [main] Получен запрос Request: command= lt.shgg.commands.Info@27953a83, ticket= null, args= null
2024-04-25 13:42:50,165 INFO ServerLogger [main] Отправлен ответ Тип коллекции: LinkedHashSet
Размер коллекции: 2
2024-04-25 13:42:50,167 INFO ServerLogger [main] Получен запрос Request: command= lt.shgg.commands.ExecuteScript@55b5f5d2, ticket= null, args= script1
2024-04-25 13:42:50,169 INFO ServerLogger [main] Отправлен ответ начинаю читать script1
2024-04-25 13:45:27,728 INFO ServerLogger [main] Получен запрос Request: command= lt.shgg.commands.ExecuteScript@749c877b, ticket= null, args= script1
2024-04-25 13:45:27,729 INFO ServerLogger [main] Отправлен ответ начинаю читать script1
2024-04-25 13:45:27,741 INFO ServerLogger [main] Получен запрос Request: command= lt.shgg.commands.Show@3b220bcb, ticket= null, args= null
2024-04-25 13:45:27,742 INFO ServerLogger [main] Отправлен ответ Ticket{id=3, name='t', coordinates=Coordinates{x=4.0, y=5}, creationDate=2024-04-19, price=555, type=VIP, venue=Venue{id=1, name='rtrtr', capacity=555, address=Address{street='adrs'}}}
Ticket{id=4, name='r', coordinates=Coordinates{x=7.0, y=6}, creationDate=2024-04-19, price=5555, type=CHEAP, venue=Venue{id=0, name='null', capacity=0, address=null}}

2024-04-25 13:45:27,758 INFO ServerLogger [main] Получен запрос Request: command= lt.shgg.commands.Help@3dddefd8, ticket= null, args= r
2024-04-25 13:45:27,759 INFO ServerLogger [main] Отправлен ответ Случилась беда Команда help не принимает никаких аргументов
2024-04-25 13:45:27,761 INFO ServerLogger [main] Получен запрос Request: command= lt.shgg.commands.Info@41925502, ticket= null, args= null
2024-04-25 13:45:27,762 INFO ServerLogger [main] Отправлен ответ Тип коллекции: LinkedHashSet
Размер коллекции: 2
2024-04-25 13:45:27,771 INFO ServerLogger [main] Получен запрос Request: command= lt.shgg.commands.ExecuteScript@3f053c80, ticket= null, args= script1
2024-04-25 13:45:27,771 INFO ServerLogger [main] Отправлен ответ начинаю читать script1
2024-04-25 13:47:26,974 INFO ServerLogger [main] Получен запрос Request: command= lt.shgg.commands.Exit@5b40ceb, ticket= null, args= null
2024-04-25 13:47:26,975 INFO ServerLogger [main] Отправлен ответ screw you guys, i'm going home
2024-04-25 13:47:45,967 INFO ServerLogger [main] Получен запрос Request: command= lt.shgg.commands.Exit@1d8062d2, ticket= null, args= r
2024-04-25 13:47:45,968 INFO ServerLogger [main] Отправлен ответ Случилась беда Команда exit не принимает никаких аргументов
2024-04-25 13:48:06,977 INFO ServerLogger [main] Получен запрос Request: command= lt.shgg.commands.Exit@36546a22, ticket= null, args= r
2024-04-25 13:48:06,978 INFO ServerLogger [main] Отправлен ответ Случилась беда Команда exit не принимает никаких аргументов
2024-04-25 13:48:41,527 INFO ServerLogger [main] Получен запрос Request: command= lt.shgg.commands.ExecuteScript@3918c187, ticket= null, args= dsc
2024-04-25 13:48:41,528 INFO ServerLogger [main] Отправлен ответ начинаю читать dsc
2024-04-25 13:49:02,989 INFO ServerLogger [main] Получен запрос Request: command= lt.shgg.commands.Exit@388ba540, ticket= null, args= null
2024-04-25 13:49:02,989 INFO ServerLogger [main] Отправлен ответ screw you guys, i'm going home
2024-04-25 13:49:34,851 INFO ServerLogger [main] Получен запрос Request: command= lt.shgg.commands.Exit@2ece4966, ticket= null, args= r
2024-04-25 13:49:34,851 INFO ServerLogger [main] Отправлен ответ Случилась беда Команда exit не принимает никаких аргументов
2024-04-25 13:49:44,822 INFO ServerLogger [main] Получен запрос Request: command= lt.shgg.commands.Help@3d484181, ticket= null, args= null
2024-04-25 13:49:44,824 INFO ServerLogger [main] Отправлен ответ вот список доступных вам команд: help - справка по доступным командам
info - выводит информацию о коллекции
show - выводит все элементы коллекции
add - добавляет элемент в коллекцию
print_descending - выводит все элементы коллекции в порядке убывания
filter_by_type type - выводит все элементы коллекции типа type
count_greater_than_type type - выводит количество элементов коллекции, значение поля type которых больше заданного
clear - удаляет все элементы из коллекции
remove_by_id id - удаляет из коллекции элемент с айди id
remove_greater {element} - удаляет из коллекции все элементы, меньшие, чем заданный
remove_lower {element} - удаляет из коллекции все элементы, большие, чем заданный
add_if_max {element} - добавляет элемент в коллекцию, если он превышает максимальный
update id {element} - обновляет поля элемента по его id

2024-04-25 13:50:03,301 INFO ServerLogger [main] Добро пожаловать на сервер шизофрения
2024-04-25 13:51:01,077 INFO ServerLogger [main] Добро пожаловать на сервер шизофрения
2024-04-25 13:51:03,564 INFO ServerLogger [main] Получен запрос Request: command= lt.shgg.commands.Exit@1021f6c9, ticket= null, args= r
2024-04-25 13:51:03,568 INFO ServerLogger [main] Отправлен ответ screw you guys, i'm going home
2024-04-25 13:51:12,077 INFO ServerLogger [main] Получен запрос Request: command= lt.shgg.commands.Help@57fd91c9, ticket= null, args= null
2024-04-25 13:51:12,079 INFO ServerLogger [main] Отправлен ответ вот список доступных вам команд: help - справка по доступным командам
info - выводит информацию о коллекции
show - выводит все элементы коллекции
add - добавляет элемент в коллекцию
print_descending - выводит все элементы коллекции в порядке убывания
filter_by_type type - выводит все элементы коллекции типа type
count_greater_than_type type - выводит количество элементов коллекции, значение поля type которых больше заданного
clear - удаляет все элементы из коллекции
remove_by_id id - удаляет из коллекции элемент с айди id
remove_greater {element} - удаляет из коллекции все элементы, меньшие, чем заданный
remove_lower {element} - удаляет из коллекции все элементы, большие, чем заданный
add_if_max {element} - добавляет элемент в коллекцию, если он превышает максимальный
update id {element} - обновляет поля элемента по его id
exit - завершает работу приложения
execute_script filename - выполняет команды из файла filename

2024-04-25 13:53:52,693 INFO ServerLogger [main] Получен запрос Request: command= lt.shgg.commands.ExecuteScript@5c8eee0f, ticket= null, args= sc
2024-04-25 13:53:52,694 INFO ServerLogger [main] Отправлен ответ начинаю читать sc
2024-04-25 13:54:05,902 INFO ServerLogger [main] Получен запрос Request: command= lt.shgg.commands.ExecuteScript@73163d48, ticket= null, args= script2
2024-04-25 13:54:05,902 INFO ServerLogger [main] Отправлен ответ начинаю читать script2
2024-04-25 13:54:05,909 INFO ServerLogger [main] Получен запрос Request: command= lt.shgg.commands.Info@62163b39, ticket= null, args= null
2024-04-25 13:54:05,913 INFO ServerLogger [main] Отправлен ответ Тип коллекции: LinkedHashSet
Размер коллекции: 2
2024-04-25 13:54:20,892 INFO ServerLogger [main] Получен запрос Request: command= lt.shgg.commands.ExecuteScript@53d1b9b3, ticket= null, args= script1
2024-04-25 13:54:20,892 INFO ServerLogger [main] Отправлен ответ начинаю читать script1
2024-04-25 13:54:20,898 INFO ServerLogger [main] Получен запрос Request: command= lt.shgg.commands.Show@7c209437, ticket= null, args= null
2024-04-25 13:54:20,921 INFO ServerLogger [main] Отправлен ответ Ticket{id=3, name='t', coordinates=Coordinates{x=4.0, y=5}, creationDate=2024-04-19, price=555, type=VIP, venue=Venue{id=1, name='rtrtr', capacity=555, address=Address{street='adrs'}}}
Ticket{id=4, name='r', coordinates=Coordinates{x=7.0, y=6}, creationDate=2024-04-19, price=5555, type=CHEAP, venue=Venue{id=0, name='null', capacity=0, address=null}}

2024-04-25 13:54:20,926 INFO ServerLogger [main] Получен запрос Request: command= lt.shgg.commands.Help@14b030a0, ticket= null, args= r
2024-04-25 13:54:20,927 INFO ServerLogger [main] Отправлен ответ Случилась беда Команда help не принимает никаких аргументов
2024-04-25 13:54:20,931 INFO ServerLogger [main] Получен запрос Request: command= lt.shgg.commands.Info@18230356, ticket= null, args= null
2024-04-25 13:54:20,932 INFO ServerLogger [main] Отправлен ответ Тип коллекции: LinkedHashSet
Размер коллекции: 2
2024-04-25 13:54:20,938 INFO ServerLogger [main] Получен запрос Request: command= lt.shgg.commands.ExecuteScript@75d0911a, ticket= null, args= script1
2024-04-25 13:54:20,939 INFO ServerLogger [main] Отправлен ответ начинаю читать script1
2024-04-25 13:55:47,943 INFO ServerLogger [main] Получен запрос Request: command= lt.shgg.commands.ExecuteScript@531c311e, ticket= null, args= script1
2024-04-25 13:55:47,943 INFO ServerLogger [main] Отправлен ответ начинаю читать script1
2024-04-25 13:55:47,956 INFO ServerLogger [main] Получен запрос Request: command= lt.shgg.commands.Show@726e5805, ticket= null, args= null
2024-04-25 13:55:47,956 INFO ServerLogger [main] Отправлен ответ Ticket{id=3, name='t', coordinates=Coordinates{x=4.0, y=5}, creationDate=2024-04-19, price=555, type=VIP, venue=Venue{id=1, name='rtrtr', capacity=555, address=Address{street='adrs'}}}
Ticket{id=4, name='r', coordinates=Coordinates{x=7.0, y=6}, creationDate=2024-04-19, price=5555, type=CHEAP, venue=Venue{id=0, name='null', capacity=0, address=null}}

2024-04-25 13:55:47,975 INFO ServerLogger [main] Получен запрос Request: command= lt.shgg.commands.Help@ea9b7c6, ticket= null, args= r
2024-04-25 13:55:47,975 INFO ServerLogger [main] Отправлен ответ Случилась беда Команда help не принимает никаких аргументов
2024-04-25 13:55:47,978 INFO ServerLogger [main] Получен запрос Request: command= lt.shgg.commands.Info@7c2b6087, ticket= null, args= null
2024-04-25 13:55:47,979 INFO ServerLogger [main] Отправлен ответ Тип коллекции: LinkedHashSet
Размер коллекции: 2
2024-04-25 13:55:47,989 INFO ServerLogger [main] Получен запрос Request: command= lt.shgg.commands.Info@1c7fd41f, ticket= null, args= null
2024-04-25 13:55:47,990 INFO ServerLogger [main] Отправлен ответ Тип коллекции: LinkedHashSet
Размер коллекции: 2
2024-04-25 13:55:47,992 INFO ServerLogger [main] Получен запрос Request: command= lt.shgg.commands.ExecuteScript@2e11485, ticket= null, args= script1
2024-04-25 13:55:47,993 INFO ServerLogger [main] Отправлен ответ начинаю читать script1
2024-04-25 13:57:23,406 INFO ServerLogger [main] Получен запрос Request: command= lt.shgg.commands.ExecuteScript@fd8294b, ticket= null, args= script1
2024-04-25 13:57:23,406 INFO ServerLogger [main] Отправлен ответ начинаю читать script1
2024-04-25 13:57:23,419 INFO ServerLogger [main] Получен запрос Request: command= lt.shgg.commands.Show@1ef3efa8, ticket= null, args= null
2024-04-25 13:57:23,420 INFO ServerLogger [main] Отправлен ответ Ticket{id=3, name='t', coordinates=Coordinates{x=4.0, y=5}, creationDate=2024-04-19, price=555, type=VIP, venue=Venue{id=1, name='rtrtr', capacity=555, address=Address{street='adrs'}}}
Ticket{id=4, name='r', coordinates=Coordinates{x=7.0, y=6}, creationDate=2024-04-19, price=5555, type=CHEAP, venue=Venue{id=0, name='null', capacity=0, address=null}}

2024-04-25 13:57:23,440 INFO ServerLogger [main] Получен запрос Request: command= lt.shgg.commands.Help@75c9e76b, ticket= null, args= r
2024-04-25 13:57:23,440 INFO ServerLogger [main] Отправлен ответ Случилась беда Команда help не принимает никаких аргументов
2024-04-25 13:57:23,444 INFO ServerLogger [main] Получен запрос Request: command= lt.shgg.commands.Info@4fbda97b, ticket= null, args= null
2024-04-25 13:57:23,445 INFO ServerLogger [main] Отправлен ответ Тип коллекции: LinkedHashSet
Размер коллекции: 2
2024-04-25 13:57:23,454 INFO ServerLogger [main] Получен запрос Request: command= lt.shgg.commands.Info@306851c7, ticket= null, args= null
2024-04-25 13:57:23,455 INFO ServerLogger [main] Отправлен ответ Тип коллекции: LinkedHashSet
Размер коллекции: 2
2024-04-25 13:57:23,458 INFO ServerLogger [main] Получен запрос Request: command= lt.shgg.commands.ExecuteScript@47db5fa5, ticket= null, args= script1
2024-04-25 13:57:23,459 INFO ServerLogger [main] Отправлен ответ начинаю читать script1
2024-04-25 13:58:45,406 INFO ServerLogger [main] Получен запрос Request: command= lt.shgg.commands.ExecuteScript@4678a2eb, ticket= null, args= script1
2024-04-25 13:58:45,407 INFO ServerLogger [main] Отправлен ответ начинаю читать script1
2024-04-25 13:58:45,418 INFO ServerLogger [main] Получен запрос Request: command= lt.shgg.commands.Show@58ebfd03, ticket= null, args= null
2024-04-25 13:58:45,418 INFO ServerLogger [main] Отправлен ответ Ticket{id=3, name='t', coordinates=Coordinates{x=4.0, y=5}, creationDate=2024-04-19, price=555, type=VIP, venue=Venue{id=1, name='rtrtr', capacity=555, address=Address{street='adrs'}}}
Ticket{id=4, name='r', coordinates=Coordinates{x=7.0, y=6}, creationDate=2024-04-19, price=5555, type=CHEAP, venue=Venue{id=0, name='null', capacity=0, address=null}}

2024-04-25 13:58:45,436 INFO ServerLogger [main] Получен запрос Request: command= lt.shgg.commands.Help@a4b2d8f, ticket= null, args= r
2024-04-25 13:58:45,436 INFO ServerLogger [main] Отправлен ответ Случилась беда Команда help не принимает никаких аргументов
2024-04-25 13:58:45,438 INFO ServerLogger [main] Получен запрос Request: command= lt.shgg.commands.Info@f73dcd6, ticket= null, args= null
2024-04-25 13:58:45,439 INFO ServerLogger [main] Отправлен ответ Тип коллекции: LinkedHashSet
Размер коллекции: 2
2024-04-25 13:58:45,449 INFO ServerLogger [main] Получен запрос Request: command= lt.shgg.commands.Info@40499e4f, ticket= null, args= null
2024-04-25 13:58:45,450 INFO ServerLogger [main] Отправлен ответ Тип коллекции: LinkedHashSet
Размер коллекции: 2
2024-04-25 13:58:45,452 INFO ServerLogger [main] Получен запрос Request: command= lt.shgg.commands.ExecuteScript@4cc6fa2a, ticket= null, args= script1
2024-04-25 13:58:45,452 INFO ServerLogger [main] Отправлен ответ начинаю читать script1
2024-04-25 14:01:35,710 INFO ServerLogger [main] Получен запрос Request: command= lt.shgg.commands.ExecuteScript@6f2cb653, ticket= null, args= script1
2024-04-25 14:01:35,711 INFO ServerLogger [main] Отправлен ответ начинаю читать script1
2024-04-25 14:01:35,723 INFO ServerLogger [main] Получен запрос Request: command= lt.shgg.commands.Show@6b9ce1bf, ticket= null, args= null
2024-04-25 14:01:35,725 INFO ServerLogger [main] Отправлен ответ Ticket{id=3, name='t', coordinates=Coordinates{x=4.0, y=5}, creationDate=2024-04-19, price=555, type=VIP, venue=Venue{id=1, name='rtrtr', capacity=555, address=Address{street='adrs'}}}
Ticket{id=4, name='r', coordinates=Coordinates{x=7.0, y=6}, creationDate=2024-04-19, price=5555, type=CHEAP, venue=Venue{id=0, name='null', capacity=0, address=null}}

2024-04-25 14:01:35,745 INFO ServerLogger [main] Получен запрос Request: command= lt.shgg.commands.Help@4fc5e095, ticket= null, args= r
2024-04-25 14:01:35,745 INFO ServerLogger [main] Отправлен ответ Случилась беда Команда help не принимает никаких аргументов
2024-04-25 14:01:35,749 INFO ServerLogger [main] Получен запрос Request: command= lt.shgg.commands.Info@79da1ec0, ticket= null, args= null
2024-04-25 14:01:35,750 INFO ServerLogger [main] Отправлен ответ Тип коллекции: LinkedHashSet
Размер коллекции: 2
2024-04-25 14:01:35,762 INFO ServerLogger [main] Получен запрос Request: command= lt.shgg.commands.Info@4bef0fe3, ticket= null, args= null
2024-04-25 14:01:35,763 INFO ServerLogger [main] Отправлен ответ Тип коллекции: LinkedHashSet
Размер коллекции: 2
2024-04-25 14:01:35,766 INFO ServerLogger [main] Получен запрос Request: command= lt.shgg.commands.ExecuteScript@556d0826, ticket= null, args= script1
2024-04-25 14:01:35,767 INFO ServerLogger [main] Отправлен ответ начинаю читать script1
2024-04-25 14:03:17,352 INFO ServerLogger [main] Добро пожаловать на сервер шизофрения
2024-04-25 14:03:28,025 INFO ServerLogger [main] Получен запрос Request: command= lt.shgg.commands.ExecuteScript@1021f6c9, ticket= null, args= script1
2024-04-25 14:03:28,029 INFO ServerLogger [main] Отправлен ответ начинаю читать script1
2024-04-25 14:03:28,042 INFO ServerLogger [main] Получен запрос Request: command= lt.shgg.commands.Show@2974f221, ticket= null, args= null
2024-04-25 14:03:28,068 INFO ServerLogger [main] Отправлен ответ Ticket{id=3, name='t', coordinates=Coordinates{x=4.0, y=5}, creationDate=2024-04-19, price=555, type=VIP, venue=Venue{id=1, name='rtrtr', capacity=555, address=Address{street='adrs'}}}
Ticket{id=4, name='r', coordinates=Coordinates{x=7.0, y=6}, creationDate=2024-04-19, price=5555, type=CHEAP, venue=Venue{id=0, name='null', capacity=0, address=null}}

2024-04-25 14:03:28,095 INFO ServerLogger [main] Получен запрос Request: command= lt.shgg.commands.Help@4c4d27c8, ticket= null, args= r
2024-04-25 14:03:28,096 INFO ServerLogger [main] Отправлен ответ Случилась беда Команда help не принимает никаких аргументов
2024-04-25 14:03:28,099 INFO ServerLogger [main] Получен запрос Request: command= lt.shgg.commands.Info@505a9d7c, ticket= null, args= null
2024-04-25 14:03:28,100 INFO ServerLogger [main] Отправлен ответ Тип коллекции: LinkedHashSet
Размер коллекции: 2
2024-04-25 14:03:28,110 INFO ServerLogger [main] Получен запрос Request: command= lt.shgg.commands.Info@19ae6bb, ticket= null, args= null
2024-04-25 14:03:28,110 INFO ServerLogger [main] Отправлен ответ Тип коллекции: LinkedHashSet
Размер коллекции: 2
2024-04-25 14:03:28,114 INFO ServerLogger [main] Получен запрос Request: command= lt.shgg.commands.ExecuteScript@24b6b8f6, ticket= null, args= script1
2024-04-25 14:03:28,114 INFO ServerLogger [main] Отправлен ответ начинаю читать script1
2024-04-25 14:04:32,616 INFO ServerLogger [main] Получен запрос Request: command= lt.shgg.commands.ExecuteScript@5f031ebd, ticket= null, args= script1
2024-04-25 14:04:32,616 INFO ServerLogger [main] Отправлен ответ начинаю читать script1
2024-04-25 14:04:32,627 INFO ServerLogger [main] Получен запрос Request: command= lt.shgg.commands.Show@53812a9b, ticket= null, args= null
2024-04-25 14:04:32,628 INFO ServerLogger [main] Отправлен ответ Ticket{id=3, name='t', coordinates=Coordinates{x=4.0, y=5}, creationDate=2024-04-19, price=555, type=VIP, venue=Venue{id=1, name='rtrtr', capacity=555, address=Address{street='adrs'}}}
Ticket{id=4, name='r', coordinates=Coordinates{x=7.0, y=6}, creationDate=2024-04-19, price=5555, type=CHEAP, venue=Venue{id=0, name='null', capacity=0, address=null}}

2024-04-25 14:04:32,645 INFO ServerLogger [main] Получен запрос Request: command= lt.shgg.commands.Help@422c3c7a, ticket= null, args= r
2024-04-25 14:04:32,645 INFO ServerLogger [main] Отправлен ответ Случилась беда Команда help не принимает никаких аргументов
2024-04-25 14:04:32,649 INFO ServerLogger [main] Получен запрос Request: command= lt.shgg.commands.Info@56bca85b, ticket= null, args= null
2024-04-25 14:04:32,649 INFO ServerLogger [main] Отправлен ответ Тип коллекции: LinkedHashSet
Размер коллекции: 2
2024-04-25 14:04:32,659 INFO ServerLogger [main] Получен запрос Request: command= lt.shgg.commands.Info@60d1a32f, ticket= null, args= null
2024-04-25 14:04:32,660 INFO ServerLogger [main] Отправлен ответ Тип коллекции: LinkedHashSet
Размер коллекции: 2
2024-04-25 14:04:32,662 INFO ServerLogger [main] Получен запрос Request: command= lt.shgg.commands.ExecuteScript@1fcb4808, ticket= null, args= script1
2024-04-25 14:04:32,663 INFO ServerLogger [main] Отправлен ответ начинаю читать script1
2024-04-25 14:04:57,928 INFO ServerLogger [main] Получен запрос Request: command= lt.shgg.commands.ExecuteScript@4b672daa, ticket= null, args= script1
2024-04-25 14:04:57,930 INFO ServerLogger [main] Отправлен ответ начинаю читать script1
2024-04-25 14:04:57,940 INFO ServerLogger [main] Получен запрос Request: command= lt.shgg.commands.Show@ed3068a, ticket= null, args= null
2024-04-25 14:04:57,941 INFO ServerLogger [main] Отправлен ответ Ticket{id=3, name='t', coordinates=Coordinates{x=4.0, y=5}, creationDate=2024-04-19, price=555, type=VIP, venue=Venue{id=1, name='rtrtr', capacity=555, address=Address{street='adrs'}}}
Ticket{id=4, name='r', coordinates=Coordinates{x=7.0, y=6}, creationDate=2024-04-19, price=5555, type=CHEAP, venue=Venue{id=0, name='null', capacity=0, address=null}}

2024-04-25 14:04:57,957 INFO ServerLogger [main] Получен запрос Request: command= lt.shgg.commands.Help@a8e6492, ticket= null, args= r
2024-04-25 14:04:57,958 INFO ServerLogger [main] Отправлен ответ Случилась беда Команда help не принимает никаких аргументов
2024-04-25 14:04:57,961 INFO ServerLogger [main] Получен запрос Request: command= lt.shgg.commands.Info@7b324585, ticket= null, args= null
2024-04-25 14:04:57,962 INFO ServerLogger [main] Отправлен ответ Тип коллекции: LinkedHashSet
Размер коллекции: 2
2024-04-25 14:04:57,980 INFO ServerLogger [main] Получен запрос Request: command= lt.shgg.commands.Info@662f5666, ticket= null, args= null
2024-04-25 14:04:57,981 INFO ServerLogger [main] Отправлен ответ Тип коллекции: LinkedHashSet
Размер коллекции: 2
2024-04-25 14:04:57,983 INFO ServerLogger [main] Получен запрос Request: command= lt.shgg.commands.ExecuteScript@27305e6, ticket= null, args= script1
2024-04-25 14:04:57,984 INFO ServerLogger [main] Отправлен ответ начинаю читать script1
2024-04-25 14:05:44,660 INFO ServerLogger [main] Получен запрос Request: command= lt.shgg.commands.ExecuteScript@6f8f9349, ticket= null, args= script1
2024-04-25 14:05:44,661 INFO ServerLogger [main] Отправлен ответ начинаю читать script1
2024-04-25 14:05:44,673 INFO ServerLogger [main] Получен запрос Request: command= lt.shgg.commands.Show@5c3b6c6e, ticket= null, args= null
2024-04-25 14:05:44,673 INFO ServerLogger [main] Отправлен ответ Ticket{id=3, name='t', coordinates=Coordinates{x=4.0, y=5}, creationDate=2024-04-19, price=555, type=VIP, venue=Venue{id=1, name='rtrtr', capacity=555, address=Address{street='adrs'}}}
Ticket{id=4, name='r', coordinates=Coordinates{x=7.0, y=6}, creationDate=2024-04-19, price=5555, type=CHEAP, venue=Venue{id=0, name='null', capacity=0, address=null}}

2024-04-25 14:05:44,690 INFO ServerLogger [main] Получен запрос Request: command= lt.shgg.commands.Help@37b70343, ticket= null, args= r
2024-04-25 14:05:44,691 INFO ServerLogger [main] Отправлен ответ Случилась беда Команда help не принимает никаких аргументов
2024-04-25 14:05:44,694 INFO ServerLogger [main] Получен запрос Request: command= lt.shgg.commands.Info@4879f0f2, ticket= null, args= null
2024-04-25 14:05:44,694 INFO ServerLogger [main] Отправлен ответ Тип коллекции: LinkedHashSet
Размер коллекции: 2
2024-04-25 14:05:44,712 INFO ServerLogger [main] Получен запрос Request: command= lt.shgg.commands.Info@41813449, ticket= null, args= null
2024-04-25 14:05:44,713 INFO ServerLogger [main] Отправлен ответ Тип коллекции: LinkedHashSet
Размер коллекции: 2
2024-04-25 14:05:44,715 INFO ServerLogger [main] Получен запрос Request: command= lt.shgg.commands.ExecuteScript@1080b026, ticket= null, args= script1
2024-04-25 14:05:44,716 INFO ServerLogger [main] Отправлен ответ начинаю читать script1
2024-04-25 14:06:49,130 INFO ServerLogger [main] Получен запрос Request: command= lt.shgg.commands.ExecuteScript@1fdfafd2, ticket= null, args= script1
2024-04-25 14:06:49,130 INFO ServerLogger [main] Отправлен ответ начинаю читать script1
2024-04-25 14:06:49,141 INFO ServerLogger [main] Получен запрос Request: command= lt.shgg.commands.Show@6d304f9d, ticket= null, args= null
2024-04-25 14:06:49,142 INFO ServerLogger [main] Отправлен ответ Ticket{id=3, name='t', coordinates=Coordinates{x=4.0, y=5}, creationDate=2024-04-19, price=555, type=VIP, venue=Venue{id=1, name='rtrtr', capacity=555, address=Address{street='adrs'}}}
Ticket{id=4, name='r', coordinates=Coordinates{x=7.0, y=6}, creationDate=2024-04-19, price=5555, type=CHEAP, venue=Venue{id=0, name='null', capacity=0, address=null}}

2024-04-25 14:06:49,159 INFO ServerLogger [main] Получен запрос Request: command= lt.shgg.commands.Help@2fea7088, ticket= null, args= r
2024-04-25 14:06:49,159 INFO ServerLogger [main] Отправлен ответ Случилась беда Команда help не принимает никаких аргументов
2024-04-25 14:06:49,162 INFO ServerLogger [main] Получен запрос Request: command= lt.shgg.commands.Info@30d4b288, ticket= null, args= null
2024-04-25 14:06:49,163 INFO ServerLogger [main] Отправлен ответ Тип коллекции: LinkedHashSet
Размер коллекции: 2
2024-04-25 14:06:49,230 INFO ServerLogger [main] Получен запрос Request: command= lt.shgg.commands.Add@62ea3440, ticket= Ticket{id=1, name='penis', coordinates=Coordinates{x=3.1, y=55}, creationDate=2024-04-19, price=555, type=VIP, venue=Venue{id=1, name='MAMA', capacity=555, address=Address{street='address'}}}, args= null
2024-04-25 14:06:49,231 INFO ServerLogger [main] Отправлен ответ элементTicket{id=1, name='penis', coordinates=Coordinates{x=3.1, y=55}, creationDate=2024-04-19, price=555, type=VIP, venue=Venue{id=1, name='MAMA', capacity=555, address=Address{street='address'}}}добавлен успешно
2024-04-25 14:06:49,234 INFO ServerLogger [main] Получен запрос Request: command= lt.shgg.commands.Info@66ce957f, ticket= null, args= null
2024-04-25 14:06:49,235 INFO ServerLogger [main] Отправлен ответ Тип коллекции: LinkedHashSet
Размер коллекции: 3
2024-04-25 14:06:49,238 INFO ServerLogger [main] Получен запрос Request: command= lt.shgg.commands.ExecuteScript@666b83a4, ticket= null, args= script1
2024-04-25 14:06:49,238 INFO ServerLogger [main] Отправлен ответ начинаю читать script1
2024-04-25 14:08:30,361 INFO ServerLogger [main] Получен запрос Request: command= lt.shgg.commands.ExecuteScript@16ecee1, ticket= null, args= script1
2024-04-25 14:08:30,362 INFO ServerLogger [main] Отправлен ответ начинаю читать script1
2024-04-25 14:08:30,374 INFO ServerLogger [main] Получен запрос Request: command= lt.shgg.commands.Show@4a3329b9, ticket= null, args= null
2024-04-25 14:08:30,374 INFO ServerLogger [main] Отправлен ответ Ticket{id=3, name='t', coordinates=Coordinates{x=4.0, y=5}, creationDate=2024-04-19, price=555, type=VIP, venue=Venue{id=1, name='rtrtr', capacity=555, address=Address{street='adrs'}}}
Ticket{id=4, name='r', coordinates=Coordinates{x=7.0, y=6}, creationDate=2024-04-19, price=5555, type=CHEAP, venue=Venue{id=0, name='null', capacity=0, address=null}}
Ticket{id=1, name='penis', coordinates=Coordinates{x=3.1, y=55}, creationDate=2024-04-19, price=555, type=VIP, venue=Venue{id=1, name='MAMA', capacity=555, address=Address{street='address'}}}

2024-04-25 14:08:30,391 INFO ServerLogger [main] Получен запрос Request: command= lt.shgg.commands.Help@12bfd80d, ticket= null, args= r
2024-04-25 14:08:30,391 INFO ServerLogger [main] Отправлен ответ Случилась беда Команда help не принимает никаких аргументов
2024-04-25 14:08:30,395 INFO ServerLogger [main] Получен запрос Request: command= lt.shgg.commands.Info@5316e95f, ticket= null, args= null
2024-04-25 14:08:30,396 INFO ServerLogger [main] Отправлен ответ Тип коллекции: LinkedHashSet
Размер коллекции: 3
2024-04-25 14:08:30,423 INFO ServerLogger [main] Получен запрос Request: command= lt.shgg.commands.Update@618c5d94, ticket= Ticket{id=1, name='penis', coordinates=Coordinates{x=3.1, y=55}, creationDate=2024-04-19, price=555, type=VIP, venue=Venue{id=1, name='MAMA', capacity=555, address=Address{street='address'}}}, args= 3
2024-04-25 14:08:30,429 INFO ServerLogger [main] Отправлен ответ объект обновлен
2024-04-25 14:08:30,430 INFO ServerLogger [main] Получен запрос Request: command= lt.shgg.commands.Info@6111ba37, ticket= null, args= null
2024-04-25 14:08:30,432 INFO ServerLogger [main] Отправлен ответ Тип коллекции: LinkedHashSet
Размер коллекции: 3
2024-04-25 14:08:30,435 INFO ServerLogger [main] Получен запрос Request: command= lt.shgg.commands.ExecuteScript@5b11a194, ticket= null, args= script1
2024-04-25 14:08:30,435 INFO ServerLogger [main] Отправлен ответ начинаю читать script1
2024-04-25 14:09:00,657 INFO ServerLogger [main] Получен запрос Request: command= lt.shgg.commands.ExecuteScript@11eadcba, ticket= null, args= script1
2024-04-25 14:09:00,657 INFO ServerLogger [main] Отправлен ответ начинаю читать script1
2024-04-25 14:09:00,670 INFO ServerLogger [main] Получен запрос Request: command= lt.shgg.commands.Show@45cff11c, ticket= null, args= null
2024-04-25 14:09:00,671 INFO ServerLogger [main] Отправлен ответ Ticket{id=4, name='r', coordinates=Coordinates{x=7.0, y=6}, creationDate=2024-04-19, price=5555, type=CHEAP, venue=Venue{id=0, name='null', capacity=0, address=null}}
Ticket{id=1, name='penis', coordinates=Coordinates{x=3.1, y=55}, creationDate=2024-04-19, price=555, type=VIP, venue=Venue{id=1, name='MAMA', capacity=555, address=Address{street='address'}}}
Ticket{id=3, name='penis', coordinates=Coordinates{x=3.1, y=55}, creationDate=2024-04-19, price=555, type=VIP, venue=Venue{id=1, name='MAMA', capacity=555, address=Address{street='address'}}}

2024-04-25 14:09:00,687 INFO ServerLogger [main] Получен запрос Request: command= lt.shgg.commands.Help@62dae540, ticket= null, args= r
2024-04-25 14:09:00,688 INFO ServerLogger [main] Отправлен ответ Случилась беда Команда help не принимает никаких аргументов
2024-04-25 14:09:00,691 INFO ServerLogger [main] Получен запрос Request: command= lt.shgg.commands.Info@56c9bbd8, ticket= null, args= null
2024-04-25 14:09:00,691 INFO ServerLogger [main] Отправлен ответ Тип коллекции: LinkedHashSet
Размер коллекции: 3
2024-04-25 14:09:00,723 INFO ServerLogger [main] Получен запрос Request: command= lt.shgg.commands.Update@f79a760, ticket= Ticket{id=1, name='penis', coordinates=Coordinates{x=3.1, y=55}, creationDate=2024-04-19, price=555, type=VIP, venue=Venue{id=1, name='MAMA', capacity=555, address=Address{street='address'}}}, args= 3
2024-04-25 14:09:00,723 INFO ServerLogger [main] Отправлен ответ объект обновлен
2024-04-25 14:09:00,726 INFO ServerLogger [main] Получен запрос Request: command= lt.shgg.commands.Info@12dae582, ticket= null, args= null
2024-04-25 14:09:00,727 INFO ServerLogger [main] Отправлен ответ Тип коллекции: LinkedHashSet
Размер коллекции: 3
2024-04-25 14:09:00,728 INFO ServerLogger [main] Получен запрос Request: command= lt.shgg.commands.ExecuteScript@5b057c8c, ticket= null, args= script1
2024-04-25 14:09:00,730 INFO ServerLogger [main] Отправлен ответ начинаю читать script1
2024-04-25 14:09:32,474 INFO ServerLogger [main] Получен запрос Request: command= lt.shgg.commands.ExecuteScript@5b7ea70d, ticket= null, args= script1
2024-04-25 14:09:32,475 INFO ServerLogger [main] Отправлен ответ начинаю читать script1
2024-04-25 14:09:32,486 INFO ServerLogger [main] Получен запрос Request: command= lt.shgg.commands.Show@30f5a68a, ticket= null, args= null
2024-04-25 14:09:32,487 INFO ServerLogger [main] Отправлен ответ Ticket{id=4, name='r', coordinates=Coordinates{x=7.0, y=6}, creationDate=2024-04-19, price=5555, type=CHEAP, venue=Venue{id=0, name='null', capacity=0, address=null}}
Ticket{id=1, name='penis', coordinates=Coordinates{x=3.1, y=55}, creationDate=2024-04-19, price=555, type=VIP, venue=Venue{id=1, name='MAMA', capacity=555, address=Address{street='address'}}}
Ticket{id=3, name='penis', coordinates=Coordinates{x=3.1, y=55}, creationDate=2024-04-19, price=555, type=VIP, venue=Venue{id=1, name='MAMA', capacity=555, address=Address{street='address'}}}

2024-04-25 14:09:32,504 INFO ServerLogger [main] Получен запрос Request: command= lt.shgg.commands.Help@4e28bdd1, ticket= null, args= r
2024-04-25 14:09:32,505 INFO ServerLogger [main] Отправлен ответ Случилась беда Команда help не принимает никаких аргументов
2024-04-25 14:09:32,508 INFO ServerLogger [main] Получен запрос Request: command= lt.shgg.commands.Info@f0e995e, ticket= null, args= null
2024-04-25 14:09:32,509 INFO ServerLogger [main] Отправлен ответ Тип коллекции: LinkedHashSet
Размер коллекции: 3
2024-04-25 14:09:32,537 INFO ServerLogger [main] Получен запрос Request: command= lt.shgg.commands.Update@71b3bc45, ticket= Ticket{id=1, name='penis', coordinates=Coordinates{x=3.1, y=55}, creationDate=2024-04-19, price=555, type=VIP, venue=Venue{id=1, name='MAMA', capacity=555, address=Address{street='address'}}}, args= 3
2024-04-25 14:09:32,538 INFO ServerLogger [main] Отправлен ответ объект обновлен
2024-04-25 14:09:32,541 INFO ServerLogger [main] Получен запрос Request: command= lt.shgg.commands.Info@150ab4ed, ticket= null, args= null
2024-04-25 14:09:32,542 INFO ServerLogger [main] Отправлен ответ Тип коллекции: LinkedHashSet
Размер коллекции: 3
2024-04-25 14:09:32,546 INFO ServerLogger [main] Получен запрос Request: command= lt.shgg.commands.ExecuteScript@3a62c01e, ticket= null, args= script1
2024-04-25 14:09:32,546 INFO ServerLogger [main] Отправлен ответ начинаю читать script1
2024-04-25 14:09:41,844 INFO ServerLogger [main] Получен запрос Request: command= lt.shgg.commands.Show@78a287ed, ticket= null, args= null
2024-04-25 14:09:41,844 INFO ServerLogger [main] Отправлен ответ Ticket{id=4, name='r', coordinates=Coordinates{x=7.0, y=6}, creationDate=2024-04-19, price=5555, type=CHEAP, venue=Venue{id=0, name='null', capacity=0, address=null}}
Ticket{id=1, name='penis', coordinates=Coordinates{x=3.1, y=55}, creationDate=2024-04-19, price=555, type=VIP, venue=Venue{id=1, name='MAMA', capacity=555, address=Address{street='address'}}}
Ticket{id=3, name='penis', coordinates=Coordinates{x=3.1, y=55}, creationDate=2024-04-19, price=555, type=VIP, venue=Venue{id=1, name='MAMA', capacity=555, address=Address{street='address'}}}

2024-04-25 14:10:04,243 INFO ServerLogger [main] Получен запрос Request: command= lt.shgg.commands.ExecuteScript@1623134f, ticket= null, args= script1
2024-04-25 14:10:04,243 INFO ServerLogger [main] Отправлен ответ начинаю читать script1
2024-04-25 14:10:04,256 INFO ServerLogger [main] Получен запрос Request: command= lt.shgg.commands.Show@25748410, ticket= null, args= null
2024-04-25 14:10:04,257 INFO ServerLogger [main] Отправлен ответ Ticket{id=4, name='r', coordinates=Coordinates{x=7.0, y=6}, creationDate=2024-04-19, price=5555, type=CHEAP, venue=Venue{id=0, name='null', capacity=0, address=null}}
Ticket{id=1, name='penis', coordinates=Coordinates{x=3.1, y=55}, creationDate=2024-04-19, price=555, type=VIP, venue=Venue{id=1, name='MAMA', capacity=555, address=Address{street='address'}}}
Ticket{id=3, name='penis', coordinates=Coordinates{x=3.1, y=55}, creationDate=2024-04-19, price=555, type=VIP, venue=Venue{id=1, name='MAMA', capacity=555, address=Address{street='address'}}}

2024-04-25 14:10:04,277 INFO ServerLogger [main] Получен запрос Request: command= lt.shgg.commands.Help@5b04476e, ticket= null, args= r
2024-04-25 14:10:04,277 INFO ServerLogger [main] Отправлен ответ Случилась беда Команда help не принимает никаких аргументов
2024-04-25 14:10:04,280 INFO ServerLogger [main] Получен запрос Request: command= lt.shgg.commands.Info@c260bdc, ticket= null, args= null
2024-04-25 14:10:04,280 INFO ServerLogger [main] Отправлен ответ Тип коллекции: LinkedHashSet
Размер коллекции: 3
2024-04-25 14:10:04,312 INFO ServerLogger [main] Получен запрос Request: command= lt.shgg.commands.Update@76f7d241, ticket= Ticket{id=1, name='TTTTTTTTTTT', coordinates=Coordinates{x=3.1, y=55}, creationDate=2024-04-19, price=555, type=VIP, venue=Venue{id=1, name='MAMA', capacity=555, address=Address{street='address'}}}, args= 3
2024-04-25 14:10:04,313 INFO ServerLogger [main] Отправлен ответ объект обновлен
2024-04-25 14:10:04,315 INFO ServerLogger [main] Получен запрос Request: command= lt.shgg.commands.Info@3f363cf5, ticket= null, args= null
2024-04-25 14:10:04,316 INFO ServerLogger [main] Отправлен ответ Тип коллекции: LinkedHashSet
Размер коллекции: 3
2024-04-25 14:10:04,318 INFO ServerLogger [main] Получен запрос Request: command= lt.shgg.commands.ExecuteScript@1bb1fde8, ticket= null, args= script1
2024-04-25 14:10:04,319 INFO ServerLogger [main] Отправлен ответ начинаю читать script1
2024-04-25 14:10:07,285 INFO ServerLogger [main] Получен запрос Request: command= lt.shgg.commands.Show@30990c1b, ticket= null, args= null
2024-04-25 14:10:07,287 INFO ServerLogger [main] Отправлен ответ Ticket{id=4, name='r', coordinates=Coordinates{x=7.0, y=6}, creationDate=2024-04-19, price=5555, type=CHEAP, venue=Venue{id=0, name='null', capacity=0, address=null}}
Ticket{id=1, name='penis', coordinates=Coordinates{x=3.1, y=55}, creationDate=2024-04-19, price=555, type=VIP, venue=Venue{id=1, name='MAMA', capacity=555, address=Address{street='address'}}}
Ticket{id=3, name='TTTTTTTTTTT', coordinates=Coordinates{x=3.1, y=55}, creationDate=2024-04-19, price=555, type=VIP, venue=Venue{id=1, name='MAMA', capacity=555, address=Address{street='address'}}}

